<?xml version="1.0" encoding="UTF-8"?>
<!-- Generated by org.testng.reporters.JUnitReportReporter -->
<testsuite skipped="0" hostname="Ravikumars-MacBook-Pro.local" name="com.seleniumcodingassignments.testcases.HomePageTest" tests="2" failures="0" timestamp="01 Nov 2019 23:48:17 GMT" time="12.249" errors="0">
  <testcase name="validateSearchTextBoxPresence" time="7.140" classname="com.seleniumcodingassignments.testcases.HomePageTest"/>
  <testcase name="feedPlaceNameToSearchTextBox" time="5.109" classname="com.seleniumcodingassignments.testcases.HomePageTest"/>
</testsuite> <!-- com.seleniumcodingassignments.testcases.HomePageTest -->
